<?xml version="1.0" encoding="utf-8"?><testsuites name="pytest tests"><testsuite name="pytest" errors="0" failures="0" skipped="0" tests="8" time="1.942" timestamp="2026-05-17T12:59:25.978167+00:00" hostname="agent-env-d5c79933-cf1a-4afa-8eda-6e22b9d344a2"><testcase classname="backend.tests.test_scoliax_backend.TestHealth" name="test_health_ok" time="0.271" /><testcase classname="backend.tests.test_scoliax_backend.TestContactValidation" name="test_missing_name" time="0.153" /><testcase classname="backend.tests.test_scoliax_backend.TestContactValidation" name="test_missing_email" time="0.138" /><testcase classname="backend.tests.test_scoliax_backend.TestContactValidation" name="test_missing_message" time="0.157" /><testcase classname="backend.tests.test_scoliax_backend.TestContactValidation" name="test_invalid_email" time="0.137" /><testcase classname="backend.tests.test_scoliax_backend.TestContactSubmission" name="test_with_company_persists" time="0.320" /><testcase classname="backend.tests.test_scoliax_backend.TestContactSubmission" name="test_without_company_persists" time="0.328" /><testcase classname="backend.tests.test_scoliax_backend.TestContactSubmission" name="test_company_omitted_persists" time="0.304" /></testsuite></testsuites>